<?xml version="1.0" encoding="UTF-8"?>
<testng-results skipped="0" failed="0" ignored="0" total="1" passed="1">
  <reporter-output>
  </reporter-output>
  <suite name="Default suite" duration-ms="15236" started-at="2019-02-02T00:14:23Z" finished-at="2019-02-02T00:14:38Z">
    <groups>
    </groups>
    <test name="Default test" duration-ms="15236" started-at="2019-02-02T00:14:23Z" finished-at="2019-02-02T00:14:38Z">
      <class name="TestCases.LoginApplication">
        <test-method status="PASS" signature="Login()[pri:0, instance:TestCases.LoginApplication@7c16905e]" name="Login" duration-ms="15190" started-at="2019-02-02T00:14:23Z" finished-at="2019-02-02T00:14:38Z">
          <reporter-output>
          </reporter-output>
        </test-method> <!-- Login -->
      </class> <!-- TestCases.LoginApplication -->
    </test> <!-- Default test -->
  </suite> <!-- Default suite -->
</testng-results>
